<?xml version="1.0" encoding="UTF-8"?>
<robot generator="Robot 6.1.1 (Python 3.11.4 on win32)" generated="20240406 09:42:12.356" rpa="false" schemaversion="4">
<suite id="s1" name="Kreta" source="C:\Users\Tanar\Desktop\20240406\kreta.robot">
<test id="s1-t1" name="Open Url" line="6">
<kw name="Open Browser" library="SeleniumLibrary">
<arg>https://telex.hu/</arg>
<arg>Edge</arg>
<arg>options=add_experimental_option("detach", True)</arg>
<doc>Opens a new browser instance to the optional ``url``.</doc>
<msg timestamp="20240406 09:42:12.544" level="INFO">Opening browser 'Edge' to base url 'https://telex.hu/'.</msg>
<status status="PASS" starttime="20240406 09:42:12.544" endtime="20240406 09:42:15.650"/>
</kw>
<status status="PASS" starttime="20240406 09:42:12.544" endtime="20240406 09:42:15.650"/>
</test>
<status status="PASS" starttime="20240406 09:42:12.356" endtime="20240406 09:42:15.650"/>
</suite>
<statistics>
<total>
<stat pass="1" fail="0" skip="0">All Tests</stat>
</total>
<tag>
</tag>
<suite>
<stat pass="1" fail="0" skip="0" id="s1" name="Kreta">Kreta</stat>
</suite>
</statistics>
<errors>
</errors>
</robot>
